  [1m[35m (1.3ms)[0m  [1m[35mCREATE TABLE "schema_migrations" ("version" varchar NOT NULL PRIMARY KEY)[0m
  [1m[35m (0.9ms)[0m  [1m[35mCREATE TABLE "ar_internal_metadata" ("key" varchar NOT NULL PRIMARY KEY, "value" varchar, "created_at" datetime(6) NOT NULL, "updated_at" datetime(6) NOT NULL)[0m
  [1m[36mActiveRecord::SchemaMigration Pluck (0.2ms)[0m  [1m[34mSELECT "schema_migrations"."version" FROM "schema_migrations" ORDER BY "schema_migrations"."version" ASC[0m
Migrating to CreateUsers (20221024155418)
  [1m[36mTRANSACTION (0.1ms)[0m  [1m[36mbegin transaction[0m
  [1m[35m (0.4ms)[0m  [1m[35mCREATE TABLE "users" ("id" integer PRIMARY KEY AUTOINCREMENT NOT NULL, "name" varchar, "username" varchar, "bio" varchar, "img_url" varchar, "email" varchar, "password_digest" varchar, "created_at" datetime(6) NOT NULL, "updated_at" datetime(6) NOT NULL)[0m
  [1m[36mActiveRecord::SchemaMigration Create (0.2ms)[0m  [1m[32mINSERT INTO "schema_migrations" ("version") VALUES (?)[0m  [["version", "20221024155418"]]
  [1m[36mTRANSACTION (0.8ms)[0m  [1m[36mcommit transaction[0m
Migrating to CreateLinks (20221024155438)
  [1m[36mTRANSACTION (0.1ms)[0m  [1m[36mbegin transaction[0m
  [1m[35m (0.4ms)[0m  [1m[35mCREATE TABLE "links" ("id" integer PRIMARY KEY AUTOINCREMENT NOT NULL, "name" varchar, "url" varchar, "user_id" integer NOT NULL, "created_at" datetime(6) NOT NULL, "updated_at" datetime(6) NOT NULL, CONSTRAINT "fk_rails_005e9b2a6a"
FOREIGN KEY ("user_id")
  REFERENCES "users" ("id")
)[0m
  [1m[35m (0.1ms)[0m  [1m[35mCREATE INDEX "index_links_on_user_id" ON "links" ("user_id")[0m
  [1m[36mActiveRecord::SchemaMigration Create (0.1ms)[0m  [1m[32mINSERT INTO "schema_migrations" ("version") VALUES (?)[0m  [["version", "20221024155438"]]
  [1m[36mTRANSACTION (0.6ms)[0m  [1m[36mcommit transaction[0m
Migrating to CreateProjects (20221024155525)
  [1m[36mTRANSACTION (0.1ms)[0m  [1m[36mbegin transaction[0m
  [1m[35m (0.3ms)[0m  [1m[35mCREATE TABLE "projects" ("id" integer PRIMARY KEY AUTOINCREMENT NOT NULL, "title" varchar, "description" varchar, "timeframe" varchar, "user_id" integer NOT NULL, "created_at" datetime(6) NOT NULL, "updated_at" datetime(6) NOT NULL, CONSTRAINT "fk_rails_b872a6760a"
FOREIGN KEY ("user_id")
  REFERENCES "users" ("id")
)[0m
  [1m[35m (0.2ms)[0m  [1m[35mCREATE INDEX "index_projects_on_user_id" ON "projects" ("user_id")[0m
  [1m[36mActiveRecord::SchemaMigration Create (0.1ms)[0m  [1m[32mINSERT INTO "schema_migrations" ("version") VALUES (?)[0m  [["version", "20221024155525"]]
  [1m[36mTRANSACTION (0.7ms)[0m  [1m[36mcommit transaction[0m
Migrating to CreateAwards (20221024155546)
  [1m[36mTRANSACTION (0.0ms)[0m  [1m[36mbegin transaction[0m
  [1m[35m (0.3ms)[0m  [1m[35mCREATE TABLE "awards" ("id" integer PRIMARY KEY AUTOINCREMENT NOT NULL, "name" varchar, "project_id" integer NOT NULL, "created_at" datetime(6) NOT NULL, "updated_at" datetime(6) NOT NULL, CONSTRAINT "fk_rails_d689acf3dd"
FOREIGN KEY ("project_id")
  REFERENCES "projects" ("id")
)[0m
  [1m[35m (0.1ms)[0m  [1m[35mCREATE INDEX "index_awards_on_project_id" ON "awards" ("project_id")[0m
  [1m[36mActiveRecord::SchemaMigration Create (0.1ms)[0m  [1m[32mINSERT INTO "schema_migrations" ("version") VALUES (?)[0m  [["version", "20221024155546"]]
  [1m[36mTRANSACTION (0.6ms)[0m  [1m[36mcommit transaction[0m
Migrating to CreateProjectLanguages (20221024155657)
  [1m[36mTRANSACTION (0.0ms)[0m  [1m[36mbegin transaction[0m
  [1m[35m (0.5ms)[0m  [1m[35mCREATE TABLE "project_languages" ("id" integer PRIMARY KEY AUTOINCREMENT NOT NULL, "project_id" integer NOT NULL, "language_id" integer NOT NULL, "created_at" datetime(6) NOT NULL, "updated_at" datetime(6) NOT NULL, CONSTRAINT "fk_rails_0102f80ebc"
FOREIGN KEY ("project_id")
  REFERENCES "projects" ("id")
, CONSTRAINT "fk_rails_7d4ec39339"
FOREIGN KEY ("language_id")
  REFERENCES "languages" ("id")
)[0m
  [1m[35m (0.2ms)[0m  [1m[35mCREATE INDEX "index_project_languages_on_project_id" ON "project_languages" ("project_id")[0m
  [1m[35m (0.1ms)[0m  [1m[35mCREATE INDEX "index_project_languages_on_language_id" ON "project_languages" ("language_id")[0m
  [1m[36mActiveRecord::SchemaMigration Create (0.1ms)[0m  [1m[32mINSERT INTO "schema_migrations" ("version") VALUES (?)[0m  [["version", "20221024155657"]]
  [1m[36mTRANSACTION (0.7ms)[0m  [1m[36mcommit transaction[0m
Migrating to CreateLanguages (20221024155718)
  [1m[36mTRANSACTION (0.0ms)[0m  [1m[36mbegin transaction[0m
  [1m[35m (0.3ms)[0m  [1m[35mCREATE TABLE "languages" ("id" integer PRIMARY KEY AUTOINCREMENT NOT NULL, "name" varchar, "created_at" datetime(6) NOT NULL, "updated_at" datetime(6) NOT NULL)[0m
  [1m[36mActiveRecord::SchemaMigration Create (0.1ms)[0m  [1m[32mINSERT INTO "schema_migrations" ("version") VALUES (?)[0m  [["version", "20221024155718"]]
  [1m[36mTRANSACTION (0.6ms)[0m  [1m[36mcommit transaction[0m
  [1m[36mActiveRecord::InternalMetadata Load (0.2ms)[0m  [1m[34mSELECT "ar_internal_metadata".* FROM "ar_internal_metadata" WHERE "ar_internal_metadata"."key" = ? LIMIT ?[0m  [["key", "environment"], ["LIMIT", 1]]
  [1m[36mTRANSACTION (0.1ms)[0m  [1m[36mbegin transaction[0m
  [1m[36mActiveRecord::InternalMetadata Create (0.3ms)[0m  [1m[32mINSERT INTO "ar_internal_metadata" ("key", "value", "created_at", "updated_at") VALUES (?, ?, ?, ?)[0m  [["key", "environment"], ["value", "development"], ["created_at", "2022-10-24 16:40:26.491211"], ["updated_at", "2022-10-24 16:40:26.491211"]]
  [1m[36mTRANSACTION (0.6ms)[0m  [1m[36mcommit transaction[0m
  [1m[36mActiveRecord::SchemaMigration Pluck (0.1ms)[0m  [1m[34mSELECT "schema_migrations"."version" FROM "schema_migrations" ORDER BY "schema_migrations"."version" ASC[0m
  [1m[36mActiveRecord::SchemaMigration Pluck (0.1ms)[0m  [1m[34mSELECT "schema_migrations"."version" FROM "schema_migrations" ORDER BY "schema_migrations"."version" ASC[0m
  [1m[36mActiveRecord::SchemaMigration Pluck (0.1ms)[0m  [1m[34mSELECT "schema_migrations"."version" FROM "schema_migrations" ORDER BY "schema_migrations"."version" ASC[0m
  [1m[36mActiveRecord::SchemaMigration Pluck (0.1ms)[0m  [1m[34mSELECT "schema_migrations"."version" FROM "schema_migrations" ORDER BY "schema_migrations"."version" ASC[0m
  [1m[36mUser Load (0.1ms)[0m  [1m[34mSELECT "users".* FROM "users"[0m
  [1m[36mLink Load (0.1ms)[0m  [1m[34mSELECT "links".* FROM "links"[0m
  [1m[36mProject Load (0.1ms)[0m  [1m[34mSELECT "projects".* FROM "projects"[0m
  [1m[36mAward Load (0.2ms)[0m  [1m[34mSELECT "awards".* FROM "awards"[0m
  [1m[36mLanguage Load (0.2ms)[0m  [1m[34mSELECT "languages".* FROM "languages"[0m
  [1m[36mProjectLanguage Load (0.1ms)[0m  [1m[34mSELECT "project_languages".* FROM "project_languages"[0m
  [1m[36mActiveRecord::SchemaMigration Pluck (0.1ms)[0m  [1m[34mSELECT "schema_migrations"."version" FROM "schema_migrations" ORDER BY "schema_migrations"."version" ASC[0m
  [1m[36mUser Load (0.1ms)[0m  [1m[34mSELECT "users".* FROM "users"[0m
  [1m[36mLink Load (0.1ms)[0m  [1m[34mSELECT "links".* FROM "links"[0m
  [1m[36mProject Load (0.1ms)[0m  [1m[34mSELECT "projects".* FROM "projects"[0m
  [1m[36mAward Load (0.2ms)[0m  [1m[34mSELECT "awards".* FROM "awards"[0m
  [1m[36mLanguage Load (0.1ms)[0m  [1m[34mSELECT "languages".* FROM "languages"[0m
  [1m[36mProjectLanguage Load (0.1ms)[0m  [1m[34mSELECT "project_languages".* FROM "project_languages"[0m
  [1m[36mTRANSACTION (0.0ms)[0m  [1m[36mbegin transaction[0m
  [1m[36mUser Create (0.5ms)[0m  [1m[32mINSERT INTO "users" ("name", "username", "bio", "img_url", "email", "password_digest", "created_at", "updated_at") VALUES (?, ?, ?, ?, ?, ?, ?, ?)[0m  [["name", "Elliot Mangini"], ["username", "elliotmangini"], ["bio", "sample bio"], ["img_url", "https://pbs.twimg.com/profile_images/1563896122292465665/No1oJcdm_400x400.jpg"], ["email", "elliot.mangini@gmail.com"], ["password_digest", "[FILTERED]"], ["created_at", "2022-10-24 16:42:51.484681"], ["updated_at", "2022-10-24 16:42:51.484681"]]
  [1m[36mTRANSACTION (1.3ms)[0m  [1m[36mcommit transaction[0m
  [1m[36mUser Load (0.1ms)[0m  [1m[34mSELECT "users".* FROM "users" ORDER BY "users"."id" ASC LIMIT ?[0m  [["LIMIT", 1]]
  [1m[36mTRANSACTION (0.1ms)[0m  [1m[36mbegin transaction[0m
  [1m[36mUser Create (0.3ms)[0m  [1m[32mINSERT INTO "users" ("name", "username", "bio", "img_url", "email", "password_digest", "created_at", "updated_at") VALUES (?, ?, ?, ?, ?, ?, ?, ?)[0m  [["name", "Ben McShane"], ["username", "benmcshane"], ["bio", "sample bio"], ["img_url", "test"], ["email", "test"], ["password_digest", "[FILTERED]"], ["created_at", "2022-10-24 16:42:51.502819"], ["updated_at", "2022-10-24 16:42:51.502819"]]
  [1m[36mTRANSACTION (0.5ms)[0m  [1m[36mcommit transaction[0m
  [1m[36mUser Load (0.1ms)[0m  [1m[34mSELECT "users".* FROM "users" ORDER BY "users"."id" ASC LIMIT ? OFFSET ?[0m  [["LIMIT", 1], ["OFFSET", 1]]
  [1m[36mUser Load (0.1ms)[0m  [1m[34mSELECT "users".* FROM "users" ORDER BY "users"."id" ASC LIMIT ?[0m  [["LIMIT", 1]]
  [1m[36mCACHE User Load (0.0ms)[0m  [1m[34mSELECT "users".* FROM "users" ORDER BY "users"."id" ASC LIMIT ?[0m  [["LIMIT", 1]]
  [1m[36mActiveRecord::SchemaMigration Pluck (0.1ms)[0m  [1m[34mSELECT "schema_migrations"."version" FROM "schema_migrations" ORDER BY "schema_migrations"."version" ASC[0m
  [1m[36mUser Load (0.1ms)[0m  [1m[34mSELECT "users".* FROM "users"[0m
  [1m[36mTRANSACTION (0.1ms)[0m  [1m[36mbegin transaction[0m
  [1m[36mUser Destroy (0.4ms)[0m  [1m[31mDELETE FROM "users" WHERE "users"."id" = ?[0m  [["id", 1]]
  [1m[36mTRANSACTION (1.4ms)[0m  [1m[36mcommit transaction[0m
  [1m[36mTRANSACTION (0.0ms)[0m  [1m[36mbegin transaction[0m
  [1m[36mUser Destroy (0.2ms)[0m  [1m[31mDELETE FROM "users" WHERE "users"."id" = ?[0m  [["id", 2]]
  [1m[36mTRANSACTION (0.6ms)[0m  [1m[36mcommit transaction[0m
  [1m[36mLink Load (0.1ms)[0m  [1m[34mSELECT "links".* FROM "links"[0m
  [1m[36mProject Load (0.2ms)[0m  [1m[34mSELECT "projects".* FROM "projects"[0m
  [1m[36mAward Load (0.1ms)[0m  [1m[34mSELECT "awards".* FROM "awards"[0m
  [1m[36mLanguage Load (0.1ms)[0m  [1m[34mSELECT "languages".* FROM "languages"[0m
  [1m[36mProjectLanguage Load (0.1ms)[0m  [1m[34mSELECT "project_languages".* FROM "project_languages"[0m
  [1m[36mTRANSACTION (0.0ms)[0m  [1m[36mbegin transaction[0m
  [1m[36mUser Create (0.3ms)[0m  [1m[32mINSERT INTO "users" ("name", "username", "bio", "img_url", "email", "password_digest", "created_at", "updated_at") VALUES (?, ?, ?, ?, ?, ?, ?, ?)[0m  [["name", "Elliot Mangini"], ["username", "elliotmangini"], ["bio", "sample bio"], ["img_url", "https://pbs.twimg.com/profile_images/1563896122292465665/No1oJcdm_400x400.jpg"], ["email", "elliot.mangini@gmail.com"], ["password_digest", "[FILTERED]"], ["created_at", "2022-10-24 16:43:35.733147"], ["updated_at", "2022-10-24 16:43:35.733147"]]
  [1m[36mTRANSACTION (0.8ms)[0m  [1m[36mcommit transaction[0m
  [1m[36mUser Load (0.1ms)[0m  [1m[34mSELECT "users".* FROM "users" ORDER BY "users"."id" ASC LIMIT ?[0m  [["LIMIT", 1]]
  [1m[36mTRANSACTION (0.1ms)[0m  [1m[36mbegin transaction[0m
  [1m[36mUser Create (0.3ms)[0m  [1m[32mINSERT INTO "users" ("name", "username", "bio", "img_url", "email", "password_digest", "created_at", "updated_at") VALUES (?, ?, ?, ?, ?, ?, ?, ?)[0m  [["name", "Ben McShane"], ["username", "benmcshane"], ["bio", "sample bio"], ["img_url", "test"], ["email", "test"], ["password_digest", "[FILTERED]"], ["created_at", "2022-10-24 16:43:35.749025"], ["updated_at", "2022-10-24 16:43:35.749025"]]
  [1m[36mTRANSACTION (0.5ms)[0m  [1m[36mcommit transaction[0m
  [1m[36mUser Load (0.1ms)[0m  [1m[34mSELECT "users".* FROM "users" ORDER BY "users"."id" ASC LIMIT ? OFFSET ?[0m  [["LIMIT", 1], ["OFFSET", 1]]
  [1m[36mUser Load (0.1ms)[0m  [1m[34mSELECT "users".* FROM "users" ORDER BY "users"."id" ASC LIMIT ?[0m  [["LIMIT", 1]]
  [1m[36mCACHE User Load (0.1ms)[0m  [1m[34mSELECT "users".* FROM "users" ORDER BY "users"."id" ASC LIMIT ?[0m  [["LIMIT", 1]]
  [1m[36mProject Load (0.2ms)[0m  [1m[34mSELECT "projects".* FROM "projects" WHERE "projects"."user_id" = ? ORDER BY "projects"."id" ASC LIMIT ?[0m  [["user_id", 3], ["LIMIT", 1]]
  [1m[36mCACHE User Load (0.0ms)[0m  [1m[34mSELECT "users".* FROM "users" ORDER BY "users"."id" ASC LIMIT ? OFFSET ?[0m  [["LIMIT", 1], ["OFFSET", 1]]
  [1m[36mCACHE User Load (0.0ms)[0m  [1m[34mSELECT "users".* FROM "users" ORDER BY "users"."id" ASC LIMIT ? OFFSET ?[0m  [["LIMIT", 1], ["OFFSET", 1]]
  [1m[36mProject Load (0.1ms)[0m  [1m[34mSELECT "projects".* FROM "projects" WHERE "projects"."user_id" = ? ORDER BY "projects"."id" ASC LIMIT ?[0m  [["user_id", 4], ["LIMIT", 1]]
  [1m[36mTRANSACTION (0.0ms)[0m  [1m[36mbegin transaction[0m
  [1m[36mLanguage Create (0.3ms)[0m  [1m[32mINSERT INTO "languages" ("name", "created_at", "updated_at") VALUES (?, ?, ?)[0m  [["name", "JavaScript"], ["created_at", "2022-10-24 16:43:35.783219"], ["updated_at", "2022-10-24 16:43:35.783219"]]
  [1m[36mTRANSACTION (0.7ms)[0m  [1m[36mcommit transaction[0m
  [1m[36mTRANSACTION (0.0ms)[0m  [1m[36mbegin transaction[0m
  [1m[36mLanguage Create (0.3ms)[0m  [1m[32mINSERT INTO "languages" ("name", "created_at", "updated_at") VALUES (?, ?, ?)[0m  [["name", "HTML"], ["created_at", "2022-10-24 16:43:35.786117"], ["updated_at", "2022-10-24 16:43:35.786117"]]
  [1m[36mTRANSACTION (0.6ms)[0m  [1m[36mcommit transaction[0m
  [1m[36mTRANSACTION (0.1ms)[0m  [1m[36mbegin transaction[0m
  [1m[36mLanguage Create (0.3ms)[0m  [1m[32mINSERT INTO "languages" ("name", "created_at", "updated_at") VALUES (?, ?, ?)[0m  [["name", "CSS"], ["created_at", "2022-10-24 16:43:35.789425"], ["updated_at", "2022-10-24 16:43:35.789425"]]
  [1m[36mTRANSACTION (0.7ms)[0m  [1m[36mcommit transaction[0m
  [1m[36mTRANSACTION (0.1ms)[0m  [1m[36mbegin transaction[0m
  [1m[36mLanguage Create (0.5ms)[0m  [1m[32mINSERT INTO "languages" ("name", "created_at", "updated_at") VALUES (?, ?, ?)[0m  [["name", "React"], ["created_at", "2022-10-24 16:43:35.792984"], ["updated_at", "2022-10-24 16:43:35.792984"]]
  [1m[36mTRANSACTION (0.9ms)[0m  [1m[36mcommit transaction[0m
  [1m[36mTRANSACTION (0.1ms)[0m  [1m[36mbegin transaction[0m
  [1m[36mLanguage Create (0.3ms)[0m  [1m[32mINSERT INTO "languages" ("name", "created_at", "updated_at") VALUES (?, ?, ?)[0m  [["name", "Ruby"], ["created_at", "2022-10-24 16:43:35.797421"], ["updated_at", "2022-10-24 16:43:35.797421"]]
  [1m[36mTRANSACTION (0.6ms)[0m  [1m[36mcommit transaction[0m
  [1m[36mTRANSACTION (0.0ms)[0m  [1m[36mbegin transaction[0m
  [1m[36mLanguage Create (0.3ms)[0m  [1m[32mINSERT INTO "languages" ("name", "created_at", "updated_at") VALUES (?, ?, ?)[0m  [["name", "Rails"], ["created_at", "2022-10-24 16:43:35.800502"], ["updated_at", "2022-10-24 16:43:35.800502"]]
  [1m[36mTRANSACTION (0.5ms)[0m  [1m[36mcommit transaction[0m
  [1m[36mTRANSACTION (0.0ms)[0m  [1m[36mbegin transaction[0m
  [1m[36mLanguage Create (0.2ms)[0m  [1m[32mINSERT INTO "languages" ("name", "created_at", "updated_at") VALUES (?, ?, ?)[0m  [["name", "SQL"], ["created_at", "2022-10-24 16:43:35.803119"], ["updated_at", "2022-10-24 16:43:35.803119"]]
  [1m[36mTRANSACTION (0.6ms)[0m  [1m[36mcommit transaction[0m
  [1m[36mUser Load (0.1ms)[0m  [1m[34mSELECT "users".* FROM "users" ORDER BY "users"."id" ASC LIMIT ?[0m  [["LIMIT", 1]]
  [1m[36mProject Load (0.1ms)[0m  [1m[34mSELECT "projects".* FROM "projects" WHERE "projects"."user_id" = ? ORDER BY "projects"."id" ASC LIMIT ?[0m  [["user_id", 3], ["LIMIT", 1]]
  [1m[36mLanguage Load (0.1ms)[0m  [1m[34mSELECT "languages".* FROM "languages" WHERE "languages"."name" = ? LIMIT ?[0m  [["name", "CSS"], ["LIMIT", 1]]
  [1m[36mCACHE User Load (0.0ms)[0m  [1m[34mSELECT "users".* FROM "users" ORDER BY "users"."id" ASC LIMIT ?[0m  [["LIMIT", 1]]
  [1m[36mCACHE Project Load (0.0ms)[0m  [1m[34mSELECT "projects".* FROM "projects" WHERE "projects"."user_id" = ? ORDER BY "projects"."id" ASC LIMIT ?[0m  [["user_id", 3], ["LIMIT", 1]]
  [1m[36mLanguage Load (0.1ms)[0m  [1m[34mSELECT "languages".* FROM "languages" WHERE "languages"."name" = ? LIMIT ?[0m  [["name", "HTML"], ["LIMIT", 1]]
  [1m[36mCACHE User Load (0.0ms)[0m  [1m[34mSELECT "users".* FROM "users" ORDER BY "users"."id" ASC LIMIT ?[0m  [["LIMIT", 1]]
  [1m[36mCACHE Project Load (0.0ms)[0m  [1m[34mSELECT "projects".* FROM "projects" WHERE "projects"."user_id" = ? ORDER BY "projects"."id" ASC LIMIT ?[0m  [["user_id", 3], ["LIMIT", 1]]
  [1m[36mLanguage Load (0.1ms)[0m  [1m[34mSELECT "languages".* FROM "languages" WHERE "languages"."name" = ? LIMIT ?[0m  [["name", "Javascript"], ["LIMIT", 1]]
